  testApp.cpp
  main.cpp
  Generating Code...
main.obj : warning LNK4075: ignoring '/EDITANDCONTINUE' due to '/INCREMENTAL:NO' specification
rtAudioD.lib(rtAudio.obj) : warning LNK4099: PDB 'vc100.pdb' was not found with 'rtAudioD.lib(rtAudio.obj)' or at 'C:\Users\liningy\KinectedConference\KinectSDKandOF\openframeworks\of_preRelease_v0062_vs2010_FAT\apps\examples\textureScreengrabExample\bin\vc100.pdb'; linking object as if no debug info
PocoFoundationmtd.lib(AtomicCounter.obj) : warning LNK4099: PDB 'vc100.pdb' was not found with 'PocoFoundationmtd.lib(AtomicCounter.obj)' or at 'C:\Users\liningy\KinectedConference\KinectSDKandOF\openframeworks\of_preRelease_v0062_vs2010_FAT\apps\examples\textureScreengrabExample\bin\vc100.pdb'; linking object as if no debug info
PocoFoundationmtd.lib(Bugcheck.obj) : warning LNK4099: PDB 'vc100.pdb' was not found with 'PocoFoundationmtd.lib(Bugcheck.obj)' or at 'C:\Users\liningy\KinectedConference\KinectSDKandOF\openframeworks\of_preRelease_v0062_vs2010_FAT\apps\examples\textureScreengrabExample\bin\vc100.pdb'; linking object as if no debug info
PocoFoundationmtd.lib(Debugger.obj) : warning LNK4099: PDB 'vc100.pdb' was not found with 'PocoFoundationmtd.lib(Debugger.obj)' or at 'C:\Users\liningy\KinectedConference\KinectSDKandOF\openframeworks\of_preRelease_v0062_vs2010_FAT\apps\examples\textureScreengrabExample\bin\vc100.pdb'; linking object as if no debug info
PocoFoundationmtd.lib(Exception.obj) : warning LNK4099: PDB 'vc100.pdb' was not found with 'PocoFoundationmtd.lib(Exception.obj)' or at 'C:\Users\liningy\KinectedConference\KinectSDKandOF\openframeworks\of_preRelease_v0062_vs2010_FAT\apps\examples\textureScreengrabExample\bin\vc100.pdb'; linking object as if no debug info
PocoFoundationmtd.lib(Mutex.obj) : warning LNK4099: PDB 'vc100.pdb' was not found with 'PocoFoundationmtd.lib(Mutex.obj)' or at 'C:\Users\liningy\KinectedConference\KinectSDKandOF\openframeworks\of_preRelease_v0062_vs2010_FAT\apps\examples\textureScreengrabExample\bin\vc100.pdb'; linking object as if no debug info
PocoFoundationmtd.lib(RWLock.obj) : warning LNK4099: PDB 'vc100.pdb' was not found with 'PocoFoundationmtd.lib(RWLock.obj)' or at 'C:\Users\liningy\KinectedConference\KinectSDKandOF\openframeworks\of_preRelease_v0062_vs2010_FAT\apps\examples\textureScreengrabExample\bin\vc100.pdb'; linking object as if no debug info
PocoFoundationmtd.lib(Timestamp.obj) : warning LNK4099: PDB 'vc100.pdb' was not found with 'PocoFoundationmtd.lib(Timestamp.obj)' or at 'C:\Users\liningy\KinectedConference\KinectSDKandOF\openframeworks\of_preRelease_v0062_vs2010_FAT\apps\examples\textureScreengrabExample\bin\vc100.pdb'; linking object as if no debug info
PocoFoundationmtd.lib(ASCIIEncoding.obj) : warning LNK4099: PDB 'vc100.pdb' was not found with 'PocoFoundationmtd.lib(ASCIIEncoding.obj)' or at 'C:\Users\liningy\KinectedConference\KinectSDKandOF\openframeworks\of_preRelease_v0062_vs2010_FAT\apps\examples\textureScreengrabExample\bin\vc100.pdb'; linking object as if no debug info
PocoFoundationmtd.lib(Latin1Encoding.obj) : warning LNK4099: PDB 'vc100.pdb' was not found with 'PocoFoundationmtd.lib(Latin1Encoding.obj)' or at 'C:\Users\liningy\KinectedConference\KinectSDKandOF\openframeworks\of_preRelease_v0062_vs2010_FAT\apps\examples\textureScreengrabExample\bin\vc100.pdb'; linking object as if no debug info
PocoFoundationmtd.lib(Latin9Encoding.obj) : warning LNK4099: PDB 'vc100.pdb' was not found with 'PocoFoundationmtd.lib(Latin9Encoding.obj)' or at 'C:\Users\liningy\KinectedConference\KinectSDKandOF\openframeworks\of_preRelease_v0062_vs2010_FAT\apps\examples\textureScreengrabExample\bin\vc100.pdb'; linking object as if no debug info
PocoFoundationmtd.lib(TextConverter.obj) : warning LNK4099: PDB 'vc100.pdb' was not found with 'PocoFoundationmtd.lib(TextConverter.obj)' or at 'C:\Users\liningy\KinectedConference\KinectSDKandOF\openframeworks\of_preRelease_v0062_vs2010_FAT\apps\examples\textureScreengrabExample\bin\vc100.pdb'; linking object as if no debug info
PocoFoundationmtd.lib(TextEncoding.obj) : warning LNK4099: PDB 'vc100.pdb' was not found with 'PocoFoundationmtd.lib(TextEncoding.obj)' or at 'C:\Users\liningy\KinectedConference\KinectSDKandOF\openframeworks\of_preRelease_v0062_vs2010_FAT\apps\examples\textureScreengrabExample\bin\vc100.pdb'; linking object as if no debug info
PocoFoundationmtd.lib(TextIterator.obj) : warning LNK4099: PDB 'vc100.pdb' was not found with 'PocoFoundationmtd.lib(TextIterator.obj)' or at 'C:\Users\liningy\KinectedConference\KinectSDKandOF\openframeworks\of_preRelease_v0062_vs2010_FAT\apps\examples\textureScreengrabExample\bin\vc100.pdb'; linking object as if no debug info
PocoFoundationmtd.lib(UnicodeConverter.obj) : warning LNK4099: PDB 'vc100.pdb' was not found with 'PocoFoundationmtd.lib(UnicodeConverter.obj)' or at 'C:\Users\liningy\KinectedConference\KinectSDKandOF\openframeworks\of_preRelease_v0062_vs2010_FAT\apps\examples\textureScreengrabExample\bin\vc100.pdb'; linking object as if no debug info
PocoFoundationmtd.lib(UTF16Encoding.obj) : warning LNK4099: PDB 'vc100.pdb' was not found with 'PocoFoundationmtd.lib(UTF16Encoding.obj)' or at 'C:\Users\liningy\KinectedConference\KinectSDKandOF\openframeworks\of_preRelease_v0062_vs2010_FAT\apps\examples\textureScreengrabExample\bin\vc100.pdb'; linking object as if no debug info
PocoFoundationmtd.lib(UTF8Encoding.obj) : warning LNK4099: PDB 'vc100.pdb' was not found with 'PocoFoundationmtd.lib(UTF8Encoding.obj)' or at 'C:\Users\liningy\KinectedConference\KinectSDKandOF\openframeworks\of_preRelease_v0062_vs2010_FAT\apps\examples\textureScreengrabExample\bin\vc100.pdb'; linking object as if no debug info
PocoFoundationmtd.lib(Windows1252Encoding.obj) : warning LNK4099: PDB 'vc100.pdb' was not found with 'PocoFoundationmtd.lib(Windows1252Encoding.obj)' or at 'C:\Users\liningy\KinectedConference\KinectSDKandOF\openframeworks\of_preRelease_v0062_vs2010_FAT\apps\examples\textureScreengrabExample\bin\vc100.pdb'; linking object as if no debug info
main.obj : warning LNK4075: ignoring '/EDITANDCONTINUE' due to '/INCREMENTAL:NO' specification
rtAudioD.lib(rtAudio.obj) : warning LNK4099: PDB 'vc100.pdb' was not found with 'rtAudioD.lib(rtAudio.obj)' or at 'C:\Users\liningy\KinectedConference\KinectSDKandOF\openframeworks\of_preRelease_v0062_vs2010_FAT\apps\examples\textureScreengrabExample\bin\vc100.pdb'; linking object as if no debug info
PocoFoundationmtd.lib(AtomicCounter.obj) : warning LNK4099: PDB 'vc100.pdb' was not found with 'PocoFoundationmtd.lib(AtomicCounter.obj)' or at 'C:\Users\liningy\KinectedConference\KinectSDKandOF\openframeworks\of_preRelease_v0062_vs2010_FAT\apps\examples\textureScreengrabExample\bin\vc100.pdb'; linking object as if no debug info
PocoFoundationmtd.lib(Bugcheck.obj) : warning LNK4099: PDB 'vc100.pdb' was not found with 'PocoFoundationmtd.lib(Bugcheck.obj)' or at 'C:\Users\liningy\KinectedConference\KinectSDKandOF\openframeworks\of_preRelease_v0062_vs2010_FAT\apps\examples\textureScreengrabExample\bin\vc100.pdb'; linking object as if no debug info
PocoFoundationmtd.lib(Debugger.obj) : warning LNK4099: PDB 'vc100.pdb' was not found with 'PocoFoundationmtd.lib(Debugger.obj)' or at 'C:\Users\liningy\KinectedConference\KinectSDKandOF\openframeworks\of_preRelease_v0062_vs2010_FAT\apps\examples\textureScreengrabExample\bin\vc100.pdb'; linking object as if no debug info
PocoFoundationmtd.lib(Exception.obj) : warning LNK4099: PDB 'vc100.pdb' was not found with 'PocoFoundationmtd.lib(Exception.obj)' or at 'C:\Users\liningy\KinectedConference\KinectSDKandOF\openframeworks\of_preRelease_v0062_vs2010_FAT\apps\examples\textureScreengrabExample\bin\vc100.pdb'; linking object as if no debug info
PocoFoundationmtd.lib(Mutex.obj) : warning LNK4099: PDB 'vc100.pdb' was not found with 'PocoFoundationmtd.lib(Mutex.obj)' or at 'C:\Users\liningy\KinectedConference\KinectSDKandOF\openframeworks\of_preRelease_v0062_vs2010_FAT\apps\examples\textureScreengrabExample\bin\vc100.pdb'; linking object as if no debug info
PocoFoundationmtd.lib(RWLock.obj) : warning LNK4099: PDB 'vc100.pdb' was not found with 'PocoFoundationmtd.lib(RWLock.obj)' or at 'C:\Users\liningy\KinectedConference\KinectSDKandOF\openframeworks\of_preRelease_v0062_vs2010_FAT\apps\examples\textureScreengrabExample\bin\vc100.pdb'; linking object as if no debug info
PocoFoundationmtd.lib(Timestamp.obj) : warning LNK4099: PDB 'vc100.pdb' was not found with 'PocoFoundationmtd.lib(Timestamp.obj)' or at 'C:\Users\liningy\KinectedConference\KinectSDKandOF\openframeworks\of_preRelease_v0062_vs2010_FAT\apps\examples\textureScreengrabExample\bin\vc100.pdb'; linking object as if no debug info
PocoFoundationmtd.lib(ASCIIEncoding.obj) : warning LNK4099: PDB 'vc100.pdb' was not found with 'PocoFoundationmtd.lib(ASCIIEncoding.obj)' or at 'C:\Users\liningy\KinectedConference\KinectSDKandOF\openframeworks\of_preRelease_v0062_vs2010_FAT\apps\examples\textureScreengrabExample\bin\vc100.pdb'; linking object as if no debug info
PocoFoundationmtd.lib(Latin1Encoding.obj) : warning LNK4099: PDB 'vc100.pdb' was not found with 'PocoFoundationmtd.lib(Latin1Encoding.obj)' or at 'C:\Users\liningy\KinectedConference\KinectSDKandOF\openframeworks\of_preRelease_v0062_vs2010_FAT\apps\examples\textureScreengrabExample\bin\vc100.pdb'; linking object as if no debug info
PocoFoundationmtd.lib(Latin9Encoding.obj) : warning LNK4099: PDB 'vc100.pdb' was not found with 'PocoFoundationmtd.lib(Latin9Encoding.obj)' or at 'C:\Users\liningy\KinectedConference\KinectSDKandOF\openframeworks\of_preRelease_v0062_vs2010_FAT\apps\examples\textureScreengrabExample\bin\vc100.pdb'; linking object as if no debug info
PocoFoundationmtd.lib(TextConverter.obj) : warning LNK4099: PDB 'vc100.pdb' was not found with 'PocoFoundationmtd.lib(TextConverter.obj)' or at 'C:\Users\liningy\KinectedConference\KinectSDKandOF\openframeworks\of_preRelease_v0062_vs2010_FAT\apps\examples\textureScreengrabExample\bin\vc100.pdb'; linking object as if no debug info
PocoFoundationmtd.lib(TextEncoding.obj) : warning LNK4099: PDB 'vc100.pdb' was not found with 'PocoFoundationmtd.lib(TextEncoding.obj)' or at 'C:\Users\liningy\KinectedConference\KinectSDKandOF\openframeworks\of_preRelease_v0062_vs2010_FAT\apps\examples\textureScreengrabExample\bin\vc100.pdb'; linking object as if no debug info
PocoFoundationmtd.lib(TextIterator.obj) : warning LNK4099: PDB 'vc100.pdb' was not found with 'PocoFoundationmtd.lib(TextIterator.obj)' or at 'C:\Users\liningy\KinectedConference\KinectSDKandOF\openframeworks\of_preRelease_v0062_vs2010_FAT\apps\examples\textureScreengrabExample\bin\vc100.pdb'; linking object as if no debug info
PocoFoundationmtd.lib(UnicodeConverter.obj) : warning LNK4099: PDB 'vc100.pdb' was not found with 'PocoFoundationmtd.lib(UnicodeConverter.obj)' or at 'C:\Users\liningy\KinectedConference\KinectSDKandOF\openframeworks\of_preRelease_v0062_vs2010_FAT\apps\examples\textureScreengrabExample\bin\vc100.pdb'; linking object as if no debug info
PocoFoundationmtd.lib(UTF16Encoding.obj) : warning LNK4099: PDB 'vc100.pdb' was not found with 'PocoFoundationmtd.lib(UTF16Encoding.obj)' or at 'C:\Users\liningy\KinectedConference\KinectSDKandOF\openframeworks\of_preRelease_v0062_vs2010_FAT\apps\examples\textureScreengrabExample\bin\vc100.pdb'; linking object as if no debug info
PocoFoundationmtd.lib(UTF8Encoding.obj) : warning LNK4099: PDB 'vc100.pdb' was not found with 'PocoFoundationmtd.lib(UTF8Encoding.obj)' or at 'C:\Users\liningy\KinectedConference\KinectSDKandOF\openframeworks\of_preRelease_v0062_vs2010_FAT\apps\examples\textureScreengrabExample\bin\vc100.pdb'; linking object as if no debug info
PocoFoundationmtd.lib(Windows1252Encoding.obj) : warning LNK4099: PDB 'vc100.pdb' was not found with 'PocoFoundationmtd.lib(Windows1252Encoding.obj)' or at 'C:\Users\liningy\KinectedConference\KinectSDKandOF\openframeworks\of_preRelease_v0062_vs2010_FAT\apps\examples\textureScreengrabExample\bin\vc100.pdb'; linking object as if no debug info
  textureScreengrabExample.vcxproj -> C:\Users\liningy\KinectedConference\KinectSDKandOF\openframeworks\of_preRelease_v0062_vs2010_FAT\apps\examples\textureScreengrabExample\bin\textureScreengrabExample_debug.exe
  C:\Users\liningy\KinectedConference\KinectSDKandOF\openframeworks\of_preRelease_v0062_vs2010_FAT\apps\examples\textureScreengrabExample\..\..\..\export\vs2010\fmodex.dll
  C:\Users\liningy\KinectedConference\KinectSDKandOF\openframeworks\of_preRelease_v0062_vs2010_FAT\apps\examples\textureScreengrabExample\..\..\..\export\vs2010\fmodexL.dll
  C:\Users\liningy\KinectedConference\KinectSDKandOF\openframeworks\of_preRelease_v0062_vs2010_FAT\apps\examples\textureScreengrabExample\..\..\..\export\vs2010\FreeImage.dll
  C:\Users\liningy\KinectedConference\KinectSDKandOF\openframeworks\of_preRelease_v0062_vs2010_FAT\apps\examples\textureScreengrabExample\..\..\..\export\vs2010\FreeType-6.dll
  C:\Users\liningy\KinectedConference\KinectSDKandOF\openframeworks\of_preRelease_v0062_vs2010_FAT\apps\examples\textureScreengrabExample\..\..\..\export\vs2010\glut32.dll
  C:\Users\liningy\KinectedConference\KinectSDKandOF\openframeworks\of_preRelease_v0062_vs2010_FAT\apps\examples\textureScreengrabExample\..\..\..\export\vs2010\Zlib.dll
  6 File(s) copied
