Build started 4/8/2012 9:57:22 PM.
     1>Project "C:\Users\TMG\FocalSpace\of0062\apps\others\emptyExample\emptyExample.vcxproj" on node 3 (build target(s)).
     1>InitializeBuildStatus:
         Touching "obj\Debug\emptyExample.unsuccessfulbuild".
       ClCompile:
         C:\Program Files\Microsoft Visual Studio 10.0\VC\bin\CL.exe /c /I..\..\..\libs\openFrameworks /I..\..\..\libs\openFrameworks\graphics /I..\..\..\libs\openFrameworks\app /I..\..\..\libs\openFrameworks\sound /I..\..\..\libs\openFrameworks\utils /I..\..\..\libs\openFrameworks\communication /I..\..\..\libs\openFrameworks\video /I..\..\..\libs\openFrameworks\events /I..\..\..\libs\glut\include /I..\..\..\libs\rtAudio\include /I..\..\..\libs\quicktime\include /I..\..\..\libs\freetype\include /I..\..\..\libs\freetype\include\freetype2 /I..\..\..\libs\freeImage\include /I..\..\..\libs\fmodex\include /I..\..\..\libs\videoInput\include /I..\..\..\libs\glee\include /I..\..\..\libs\glu\include /I..\..\..\libs\poco\include /I..\..\..\addons /ZI /nologo /W3 /WX- /Od /Oy- /D WIN32 /D _DEBUG /D _CONSOLE /D POCO_STATIC /D _UNICODE /D UNICODE /Gm /EHsc /RTC1 /MDd /GS /fp:precise /Zc:wchar_t /Zc:forScope /Fo"obj\Debug\\" /Fd"obj\Debug\vc100.pdb" /Gd /TP /analyze- /errorReport:prompt src\textInput.cpp
         textInput.cpp
       ManifestResourceCompile:
         C:\Program Files\Microsoft SDKs\Windows\v7.0A\bin\rc.exe /nologo /fo"obj\Debug\emptyExample_debug.exe.embed.manifest.res" obj\Debug\emptyExample_debug_manifest.rc 
       Link:
         C:\Program Files\Microsoft Visual Studio 10.0\VC\bin\link.exe /ERRORREPORT:PROMPT /OUT:"bin\emptyExample_debug.exe" /INCREMENTAL /NOLOGO /LIBPATH:..\..\..\libs\glut\lib\vs2010 /LIBPATH:..\..\..\libs\rtAudio\lib\vs2010 /LIBPATH:..\..\..\libs\FreeImage\lib\vs2010 /LIBPATH:..\..\..\libs\freetype\lib\vs2010 /LIBPATH:..\..\..\libs\quicktime\lib\vs2010 /LIBPATH:..\..\..\libs\fmodex\lib\vs2010 /LIBPATH:..\..\..\libs\videoInput\lib\vs2010 /LIBPATH:..\..\..\libs\glee\lib\vs2010 /LIBPATH:..\..\..\libs\glu\lib\vs2010 /LIBPATH:..\..\..\libs\Poco\lib\vs2010 /LIBPATH:..\..\..\libs\openFrameworksCompiled\lib\vs2010 openframeworksLibDebug.lib OpenGL32.lib GLu32.lib kernel32.lib setupapi.lib glut32.lib rtAudioD.lib videoInput.lib libfreetype.lib FreeImage.lib qtmlClient.lib dsound.lib user32.lib gdi32.lib winspool.lib comdlg32.lib advapi32.lib shell32.lib ole32.lib oleaut32.lib uuid.lib GLee.lib fmodex_vc.lib glu32.lib PocoFoundationmtd.lib PocoNetmtd.lib PocoUtilmtd.lib PocoXMLmtd.lib kernel32.lib user32.lib gdi32.lib winspool.lib comdlg32.lib advapi32.lib shell32.lib ole32.lib oleaut32.lib uuid.lib odbc32.lib odbccp32.lib /NODEFAULTLIB:atlthunk.lib /NODEFAULTLIB:LIBC.lib /NODEFAULTLIB:LIBCMT /MANIFEST /ManifestFile:"obj\Debug\emptyExample_debug.exe.intermediate.manifest" /MANIFESTUAC:"level='asInvoker' uiAccess='false'" /DEBUG /PDB:"C:\Users\TMG\FocalSpace\of0062\apps\others\emptyExample\bin\emptyExample_debug_debugInfo.pdb" /SUBSYSTEM:CONSOLE /TLBID:1 /DYNAMICBASE:NO /IMPLIB:"bin\emptyExample_debug.lib" /MACHINE:X86 obj\Debug\emptyExample_debug.exe.embed.manifest.res
         obj\Debug\main.obj
         obj\Debug\testApp.obj
         obj\Debug\textInput.obj
         C:\Users\TMG\FocalSpace\of0062\libs\openFrameworksCompiled\lib\vs2010\openframeworksLibDebug.lib
     1>main.obj : warning LNK4075: ignoring '/EDITANDCONTINUE' due to '/INCREMENTAL:NO' specification
     1>rtAudioD.lib(rtAudio.obj) : warning LNK4099: PDB 'vc100.pdb' was not found with 'rtAudioD.lib(rtAudio.obj)' or at 'C:\Users\TMG\FocalSpace\of0062\apps\others\emptyExample\bin\vc100.pdb'; linking object as if no debug info
     1>PocoFoundationmtd.lib(AtomicCounter.obj) : warning LNK4099: PDB 'vc100.pdb' was not found with 'PocoFoundationmtd.lib(AtomicCounter.obj)' or at 'C:\Users\TMG\FocalSpace\of0062\apps\others\emptyExample\bin\vc100.pdb'; linking object as if no debug info
     1>PocoFoundationmtd.lib(Bugcheck.obj) : warning LNK4099: PDB 'vc100.pdb' was not found with 'PocoFoundationmtd.lib(Bugcheck.obj)' or at 'C:\Users\TMG\FocalSpace\of0062\apps\others\emptyExample\bin\vc100.pdb'; linking object as if no debug info
     1>PocoFoundationmtd.lib(Debugger.obj) : warning LNK4099: PDB 'vc100.pdb' was not found with 'PocoFoundationmtd.lib(Debugger.obj)' or at 'C:\Users\TMG\FocalSpace\of0062\apps\others\emptyExample\bin\vc100.pdb'; linking object as if no debug info
     1>PocoFoundationmtd.lib(Exception.obj) : warning LNK4099: PDB 'vc100.pdb' was not found with 'PocoFoundationmtd.lib(Exception.obj)' or at 'C:\Users\TMG\FocalSpace\of0062\apps\others\emptyExample\bin\vc100.pdb'; linking object as if no debug info
     1>PocoFoundationmtd.lib(Mutex.obj) : warning LNK4099: PDB 'vc100.pdb' was not found with 'PocoFoundationmtd.lib(Mutex.obj)' or at 'C:\Users\TMG\FocalSpace\of0062\apps\others\emptyExample\bin\vc100.pdb'; linking object as if no debug info
     1>PocoFoundationmtd.lib(RWLock.obj) : warning LNK4099: PDB 'vc100.pdb' was not found with 'PocoFoundationmtd.lib(RWLock.obj)' or at 'C:\Users\TMG\FocalSpace\of0062\apps\others\emptyExample\bin\vc100.pdb'; linking object as if no debug info
     1>PocoFoundationmtd.lib(Timestamp.obj) : warning LNK4099: PDB 'vc100.pdb' was not found with 'PocoFoundationmtd.lib(Timestamp.obj)' or at 'C:\Users\TMG\FocalSpace\of0062\apps\others\emptyExample\bin\vc100.pdb'; linking object as if no debug info
     1>PocoFoundationmtd.lib(ASCIIEncoding.obj) : warning LNK4099: PDB 'vc100.pdb' was not found with 'PocoFoundationmtd.lib(ASCIIEncoding.obj)' or at 'C:\Users\TMG\FocalSpace\of0062\apps\others\emptyExample\bin\vc100.pdb'; linking object as if no debug info
     1>PocoFoundationmtd.lib(Latin1Encoding.obj) : warning LNK4099: PDB 'vc100.pdb' was not found with 'PocoFoundationmtd.lib(Latin1Encoding.obj)' or at 'C:\Users\TMG\FocalSpace\of0062\apps\others\emptyExample\bin\vc100.pdb'; linking object as if no debug info
     1>PocoFoundationmtd.lib(Latin9Encoding.obj) : warning LNK4099: PDB 'vc100.pdb' was not found with 'PocoFoundationmtd.lib(Latin9Encoding.obj)' or at 'C:\Users\TMG\FocalSpace\of0062\apps\others\emptyExample\bin\vc100.pdb'; linking object as if no debug info
     1>PocoFoundationmtd.lib(TextConverter.obj) : warning LNK4099: PDB 'vc100.pdb' was not found with 'PocoFoundationmtd.lib(TextConverter.obj)' or at 'C:\Users\TMG\FocalSpace\of0062\apps\others\emptyExample\bin\vc100.pdb'; linking object as if no debug info
     1>PocoFoundationmtd.lib(TextEncoding.obj) : warning LNK4099: PDB 'vc100.pdb' was not found with 'PocoFoundationmtd.lib(TextEncoding.obj)' or at 'C:\Users\TMG\FocalSpace\of0062\apps\others\emptyExample\bin\vc100.pdb'; linking object as if no debug info
     1>PocoFoundationmtd.lib(TextIterator.obj) : warning LNK4099: PDB 'vc100.pdb' was not found with 'PocoFoundationmtd.lib(TextIterator.obj)' or at 'C:\Users\TMG\FocalSpace\of0062\apps\others\emptyExample\bin\vc100.pdb'; linking object as if no debug info
     1>PocoFoundationmtd.lib(UnicodeConverter.obj) : warning LNK4099: PDB 'vc100.pdb' was not found with 'PocoFoundationmtd.lib(UnicodeConverter.obj)' or at 'C:\Users\TMG\FocalSpace\of0062\apps\others\emptyExample\bin\vc100.pdb'; linking object as if no debug info
     1>PocoFoundationmtd.lib(UTF16Encoding.obj) : warning LNK4099: PDB 'vc100.pdb' was not found with 'PocoFoundationmtd.lib(UTF16Encoding.obj)' or at 'C:\Users\TMG\FocalSpace\of0062\apps\others\emptyExample\bin\vc100.pdb'; linking object as if no debug info
     1>PocoFoundationmtd.lib(UTF8Encoding.obj) : warning LNK4099: PDB 'vc100.pdb' was not found with 'PocoFoundationmtd.lib(UTF8Encoding.obj)' or at 'C:\Users\TMG\FocalSpace\of0062\apps\others\emptyExample\bin\vc100.pdb'; linking object as if no debug info
     1>PocoFoundationmtd.lib(Windows1252Encoding.obj) : warning LNK4099: PDB 'vc100.pdb' was not found with 'PocoFoundationmtd.lib(Windows1252Encoding.obj)' or at 'C:\Users\TMG\FocalSpace\of0062\apps\others\emptyExample\bin\vc100.pdb'; linking object as if no debug info
       Manifest:
         C:\Program Files\Microsoft SDKs\Windows\v7.0A\bin\mt.exe /nologo /verbose /out:"obj\Debug\emptyExample_debug.exe.embed.manifest" /manifest obj\Debug\emptyExample_debug.exe.intermediate.manifest
         C:\Program Files\Microsoft SDKs\Windows\v7.0A\bin\rc.exe /nologo /fo"obj\Debug\emptyExample_debug.exe.embed.manifest.res" obj\Debug\emptyExample_debug_manifest.rc 
       LinkEmbedManifest:
         C:\Program Files\Microsoft Visual Studio 10.0\VC\bin\link.exe /ERRORREPORT:PROMPT /OUT:"bin\emptyExample_debug.exe" /INCREMENTAL /NOLOGO /LIBPATH:..\..\..\libs\glut\lib\vs2010 /LIBPATH:..\..\..\libs\rtAudio\lib\vs2010 /LIBPATH:..\..\..\libs\FreeImage\lib\vs2010 /LIBPATH:..\..\..\libs\freetype\lib\vs2010 /LIBPATH:..\..\..\libs\quicktime\lib\vs2010 /LIBPATH:..\..\..\libs\fmodex\lib\vs2010 /LIBPATH:..\..\..\libs\videoInput\lib\vs2010 /LIBPATH:..\..\..\libs\glee\lib\vs2010 /LIBPATH:..\..\..\libs\glu\lib\vs2010 /LIBPATH:..\..\..\libs\Poco\lib\vs2010 /LIBPATH:..\..\..\libs\openFrameworksCompiled\lib\vs2010 openframeworksLibDebug.lib OpenGL32.lib GLu32.lib kernel32.lib setupapi.lib glut32.lib rtAudioD.lib videoInput.lib libfreetype.lib FreeImage.lib qtmlClient.lib dsound.lib user32.lib gdi32.lib winspool.lib comdlg32.lib advapi32.lib shell32.lib ole32.lib oleaut32.lib uuid.lib GLee.lib fmodex_vc.lib glu32.lib PocoFoundationmtd.lib PocoNetmtd.lib PocoUtilmtd.lib PocoXMLmtd.lib kernel32.lib user32.lib gdi32.lib winspool.lib comdlg32.lib advapi32.lib shell32.lib ole32.lib oleaut32.lib uuid.lib odbc32.lib odbccp32.lib /NODEFAULTLIB:atlthunk.lib /NODEFAULTLIB:LIBC.lib /NODEFAULTLIB:LIBCMT /MANIFEST /ManifestFile:"obj\Debug\emptyExample_debug.exe.intermediate.manifest" /MANIFESTUAC:"level='asInvoker' uiAccess='false'" /DEBUG /PDB:"C:\Users\TMG\FocalSpace\of0062\apps\others\emptyExample\bin\emptyExample_debug_debugInfo.pdb" /SUBSYSTEM:CONSOLE /TLBID:1 /DYNAMICBASE:NO /IMPLIB:"bin\emptyExample_debug.lib" /MACHINE:X86 obj\Debug\emptyExample_debug.exe.embed.manifest.res
         obj\Debug\main.obj
         obj\Debug\testApp.obj
         obj\Debug\textInput.obj
         C:\Users\TMG\FocalSpace\of0062\libs\openFrameworksCompiled\lib\vs2010\openframeworksLibDebug.lib
     1>main.obj : warning LNK4075: ignoring '/EDITANDCONTINUE' due to '/INCREMENTAL:NO' specification
     1>rtAudioD.lib(rtAudio.obj) : warning LNK4099: PDB 'vc100.pdb' was not found with 'rtAudioD.lib(rtAudio.obj)' or at 'C:\Users\TMG\FocalSpace\of0062\apps\others\emptyExample\bin\vc100.pdb'; linking object as if no debug info
     1>PocoFoundationmtd.lib(AtomicCounter.obj) : warning LNK4099: PDB 'vc100.pdb' was not found with 'PocoFoundationmtd.lib(AtomicCounter.obj)' or at 'C:\Users\TMG\FocalSpace\of0062\apps\others\emptyExample\bin\vc100.pdb'; linking object as if no debug info
     1>PocoFoundationmtd.lib(Bugcheck.obj) : warning LNK4099: PDB 'vc100.pdb' was not found with 'PocoFoundationmtd.lib(Bugcheck.obj)' or at 'C:\Users\TMG\FocalSpace\of0062\apps\others\emptyExample\bin\vc100.pdb'; linking object as if no debug info
     1>PocoFoundationmtd.lib(Debugger.obj) : warning LNK4099: PDB 'vc100.pdb' was not found with 'PocoFoundationmtd.lib(Debugger.obj)' or at 'C:\Users\TMG\FocalSpace\of0062\apps\others\emptyExample\bin\vc100.pdb'; linking object as if no debug info
     1>PocoFoundationmtd.lib(Exception.obj) : warning LNK4099: PDB 'vc100.pdb' was not found with 'PocoFoundationmtd.lib(Exception.obj)' or at 'C:\Users\TMG\FocalSpace\of0062\apps\others\emptyExample\bin\vc100.pdb'; linking object as if no debug info
     1>PocoFoundationmtd.lib(Mutex.obj) : warning LNK4099: PDB 'vc100.pdb' was not found with 'PocoFoundationmtd.lib(Mutex.obj)' or at 'C:\Users\TMG\FocalSpace\of0062\apps\others\emptyExample\bin\vc100.pdb'; linking object as if no debug info
     1>PocoFoundationmtd.lib(RWLock.obj) : warning LNK4099: PDB 'vc100.pdb' was not found with 'PocoFoundationmtd.lib(RWLock.obj)' or at 'C:\Users\TMG\FocalSpace\of0062\apps\others\emptyExample\bin\vc100.pdb'; linking object as if no debug info
     1>PocoFoundationmtd.lib(Timestamp.obj) : warning LNK4099: PDB 'vc100.pdb' was not found with 'PocoFoundationmtd.lib(Timestamp.obj)' or at 'C:\Users\TMG\FocalSpace\of0062\apps\others\emptyExample\bin\vc100.pdb'; linking object as if no debug info
     1>PocoFoundationmtd.lib(ASCIIEncoding.obj) : warning LNK4099: PDB 'vc100.pdb' was not found with 'PocoFoundationmtd.lib(ASCIIEncoding.obj)' or at 'C:\Users\TMG\FocalSpace\of0062\apps\others\emptyExample\bin\vc100.pdb'; linking object as if no debug info
     1>PocoFoundationmtd.lib(Latin1Encoding.obj) : warning LNK4099: PDB 'vc100.pdb' was not found with 'PocoFoundationmtd.lib(Latin1Encoding.obj)' or at 'C:\Users\TMG\FocalSpace\of0062\apps\others\emptyExample\bin\vc100.pdb'; linking object as if no debug info
     1>PocoFoundationmtd.lib(Latin9Encoding.obj) : warning LNK4099: PDB 'vc100.pdb' was not found with 'PocoFoundationmtd.lib(Latin9Encoding.obj)' or at 'C:\Users\TMG\FocalSpace\of0062\apps\others\emptyExample\bin\vc100.pdb'; linking object as if no debug info
     1>PocoFoundationmtd.lib(TextConverter.obj) : warning LNK4099: PDB 'vc100.pdb' was not found with 'PocoFoundationmtd.lib(TextConverter.obj)' or at 'C:\Users\TMG\FocalSpace\of0062\apps\others\emptyExample\bin\vc100.pdb'; linking object as if no debug info
     1>PocoFoundationmtd.lib(TextEncoding.obj) : warning LNK4099: PDB 'vc100.pdb' was not found with 'PocoFoundationmtd.lib(TextEncoding.obj)' or at 'C:\Users\TMG\FocalSpace\of0062\apps\others\emptyExample\bin\vc100.pdb'; linking object as if no debug info
     1>PocoFoundationmtd.lib(TextIterator.obj) : warning LNK4099: PDB 'vc100.pdb' was not found with 'PocoFoundationmtd.lib(TextIterator.obj)' or at 'C:\Users\TMG\FocalSpace\of0062\apps\others\emptyExample\bin\vc100.pdb'; linking object as if no debug info
     1>PocoFoundationmtd.lib(UnicodeConverter.obj) : warning LNK4099: PDB 'vc100.pdb' was not found with 'PocoFoundationmtd.lib(UnicodeConverter.obj)' or at 'C:\Users\TMG\FocalSpace\of0062\apps\others\emptyExample\bin\vc100.pdb'; linking object as if no debug info
     1>PocoFoundationmtd.lib(UTF16Encoding.obj) : warning LNK4099: PDB 'vc100.pdb' was not found with 'PocoFoundationmtd.lib(UTF16Encoding.obj)' or at 'C:\Users\TMG\FocalSpace\of0062\apps\others\emptyExample\bin\vc100.pdb'; linking object as if no debug info
     1>PocoFoundationmtd.lib(UTF8Encoding.obj) : warning LNK4099: PDB 'vc100.pdb' was not found with 'PocoFoundationmtd.lib(UTF8Encoding.obj)' or at 'C:\Users\TMG\FocalSpace\of0062\apps\others\emptyExample\bin\vc100.pdb'; linking object as if no debug info
     1>PocoFoundationmtd.lib(Windows1252Encoding.obj) : warning LNK4099: PDB 'vc100.pdb' was not found with 'PocoFoundationmtd.lib(Windows1252Encoding.obj)' or at 'C:\Users\TMG\FocalSpace\of0062\apps\others\emptyExample\bin\vc100.pdb'; linking object as if no debug info
         emptyExample.vcxproj -> C:\Users\TMG\FocalSpace\of0062\apps\others\emptyExample\bin\emptyExample_debug.exe
       PostBuildEvent:
         Description: adding DLLs and creating data folder
         xcopy /e /i /y "C:\Users\TMG\FocalSpace\of0062\apps\others\emptyExample\..\..\..\export\vs2010\*.dll" "C:\Users\TMG\FocalSpace\of0062\apps\others\emptyExample\bin"
         if not exist "C:\Users\TMG\FocalSpace\of0062\apps\others\emptyExample\bin\data" mkdir  "C:\Users\TMG\FocalSpace\of0062\apps\others\emptyExample\bin\data"
         
         :VCEnd
         C:\Users\TMG\FocalSpace\of0062\apps\others\emptyExample\..\..\..\export\vs2010\fmodex.dll
         C:\Users\TMG\FocalSpace\of0062\apps\others\emptyExample\..\..\..\export\vs2010\fmodexL.dll
         C:\Users\TMG\FocalSpace\of0062\apps\others\emptyExample\..\..\..\export\vs2010\FreeImage.dll
         C:\Users\TMG\FocalSpace\of0062\apps\others\emptyExample\..\..\..\export\vs2010\FreeType-6.dll
         C:\Users\TMG\FocalSpace\of0062\apps\others\emptyExample\..\..\..\export\vs2010\glut32.dll
         C:\Users\TMG\FocalSpace\of0062\apps\others\emptyExample\..\..\..\export\vs2010\Zlib.dll
         6 File(s) copied
       FinalizeBuildStatus:
         Deleting file "obj\Debug\emptyExample.unsuccessfulbuild".
         Touching "obj\Debug\emptyExample.lastbuildstate".
     1>Done Building Project "C:\Users\TMG\FocalSpace\of0062\apps\others\emptyExample\emptyExample.vcxproj" (build target(s)).

Build succeeded.

Time Elapsed 00:00:04.00
