Build started 3/11/2012 10:24:00 PM.
     1>Project "C:\Users\liningy\of0062\apps\FocalSpace\focalSpace_sender\focalSpace.vcxproj" on node 3 (build target(s)).
     1>InitializeBuildStatus:
         Creating "obj\Debug\focalSpace.unsuccessfulbuild" because "AlwaysCreate" was specified.
       ClCompile:
         c:\Program Files\Microsoft Visual Studio 10.0\VC\bin\CL.exe /c /I..\..\..\libs\openFrameworks /I..\..\..\libs\openFrameworks\graphics /I..\..\..\libs\openFrameworks\app /I..\..\..\libs\openFrameworks\sound /I..\..\..\libs\openFrameworks\utils /I..\..\..\libs\openFrameworks\communication /I..\..\..\libs\openFrameworks\video /I..\..\..\libs\openFrameworks\events /I..\..\..\libs\glut\include /I..\..\..\libs\rtAudio\include /I..\..\..\libs\quicktime\include /I..\..\..\libs\freetype\include /I..\..\..\libs\freetype\include\freetype2 /I..\..\..\libs\freeImage\include /I..\..\..\libs\fmodex\include /I..\..\..\libs\videoInput\include /I..\..\..\libs\glee\include /I..\..\..\libs\glu\include /I..\..\..\libs\poco\include /I..\..\..\addons /I..\..\..\addons\ofxNetwork\src /I..\..\..\addons\ofxDirList\src /I..\..\..\addons\ofxObjLoader\src /I..\..\..\addons\ofxOpenCv\src /I..\..\..\addons\ofxOpenCv\libs\opencv\include /I..\..\..\addons\ofxOsc\src /I..\..\..\addons\ofxOsc\libs\oscpack\include\ip /I..\..\..\addons\ofxOsc\libs\oscpack\include\osc /I..\..\..\addons\ofxThread\src /I..\..\..\addons\ofxVectorGraphics\src /I..\..\..\addons\ofxVectorGraphics\libs /I..\..\..\addons\ofxVectorMath\src /I..\..\..\addons\ofxXMLSettings\libs /I..\..\..\addons\ofxXMLSettings\src /I..\..\..\addons\ofx3DModelLoader\src /Ibin /Isrc\addons\ofxShader\examples /Isrc\addons\ofxShader\addons /Isrc\addons\awesomium_v1.6.2_sdk_win\include /ZI /nologo /W3 /WX- /Od /Oy- /D WIN32 /D _DEBUG /D _CONSOLE /D POCO_STATIC /D _UNICODE /D UNICODE /Gm /EHsc /RTC1 /MDd /GS /fp:precise /Zc:wchar_t- /Zc:forScope /Fo"obj\Debug\\" /Fd"obj\Debug\vc100.pdb" /Gd /TP /analyze- /errorReport:prompt src\addons\ofxShader\addons\ofxFBOTexture.cpp src\addons\ofxShader\addons\ofxShader.cpp src\addons\ofxShader\examples\shaderBlur.cpp src\button.cpp src\conference.cpp src\gesture.cpp src\grabVideo.cpp src\main.cpp src\SketchShareView.cpp src\slider.cpp src\stdafx.cpp src\talkBubble.cpp src\testApp.cpp ..\..\..\addons\ofxNetwork\src\ofxTCPClient.cpp ..\..\..\addons\ofxNetwork\src\ofxTCPManager.cpp ..\..\..\addons\ofxNetwork\src\ofxTCPServer.cpp ..\..\..\addons\ofxNetwork\src\ofxUDPManager.cpp ..\..\..\addons\ofxThread\src\ofxThread.cpp src\webRender.cpp
         webRender.cpp
         ofxThread.cpp
         ofxUDPManager.cpp
         ofxTCPServer.cpp
         ofxTCPManager.cpp
         ofxTCPClient.cpp
         testApp.cpp
     1>c:\users\liningy\of0062\apps\focalspace\focalspace_sender\src\testapp.cpp(468): warning C4995: 'sprintf': name was marked as #pragma deprecated
         talkBubble.cpp
         stdafx.cpp
         slider.cpp
         SketchShareView.cpp
         main.cpp
         grabVideo.cpp
     1>c:\users\liningy\of0062\apps\focalspace\focalspace_sender\src\grabvideo.cpp(9): fatal error C1083: Cannot open include file: 'MSR_NuiApi.h': No such file or directory
         gesture.cpp
     1>c:\users\liningy\of0062\apps\focalspace\focalspace_sender\src\gesture.cpp(15): warning C4390: ';' : empty controlled statement found; is this the intent?
         conference.cpp
     1>c:\program files\microsoft visual studio 10.0\vc\include\string(757): warning C4995: 'swprintf': name was marked as #pragma deprecated
     1>c:\program files\microsoft visual studio 10.0\vc\include\string(766): warning C4995: 'swprintf': name was marked as #pragma deprecated
     1>c:\program files\microsoft visual studio 10.0\vc\include\string(775): warning C4995: 'swprintf': name was marked as #pragma deprecated
         button.cpp
         shaderBlur.cpp
         ofxShader.cpp
         ofxFBOTexture.cpp
         Generating Code...
     1>Done Building Project "C:\Users\liningy\of0062\apps\FocalSpace\focalSpace_sender\focalSpace.vcxproj" (build target(s)) -- FAILED.

Build FAILED.

Time Elapsed 00:00:53.39
