C:\USERS\LININGY\DESKTOP\OPENFRAMEWORKS\OF_PRERELEASE_V0062_VS2010_FAT\LIBS\OPENFRAMEWORKSCOMPILED\LIB\VS2010\OPENFRAMEWORKSLIBDEBUG.LIB
C:\Users\liningy\Desktop\openframeworks\of_preRelease_v0062_vs2010_FAT\libs\openFrameworksCompiled\project\vs2010\..\..\lib\vs2010\openframeworksLibDebug.lib
C:\Users\liningy\Desktop\openframeworks\of_preRelease_v0062_vs2010_FAT\libs\openFrameworksCompiled\project\vs2010\obj\Debug\cl.command.1.tlog
C:\Users\liningy\Desktop\openframeworks\of_preRelease_v0062_vs2010_FAT\libs\openFrameworksCompiled\project\vs2010\obj\Debug\CL.read.1.tlog
C:\Users\liningy\Desktop\openframeworks\of_preRelease_v0062_vs2010_FAT\libs\openFrameworksCompiled\project\vs2010\obj\Debug\CL.write.1.tlog
C:\Users\liningy\Desktop\openframeworks\of_preRelease_v0062_vs2010_FAT\libs\openFrameworksCompiled\project\vs2010\obj\Debug\lib.command.1.tlog
C:\Users\liningy\Desktop\openframeworks\of_preRelease_v0062_vs2010_FAT\libs\openFrameworksCompiled\project\vs2010\obj\Debug\Lib-link.read.1.tlog
C:\Users\liningy\Desktop\openframeworks\of_preRelease_v0062_vs2010_FAT\libs\openFrameworksCompiled\project\vs2010\obj\Debug\Lib-link.write.1.tlog
C:\USERS\LININGY\DESKTOP\OPENFRAMEWORKS\OF_PRERELEASE_V0062_VS2010_FAT\LIBS\OPENFRAMEWORKSCOMPILED\PROJECT\VS2010\OBJ\DEBUG\OFAPPGLUTWINDOW.OBJ
C:\USERS\LININGY\DESKTOP\OPENFRAMEWORKS\OF_PRERELEASE_V0062_VS2010_FAT\LIBS\OPENFRAMEWORKSCOMPILED\PROJECT\VS2010\OBJ\DEBUG\OFAPPRUNNER.OBJ
C:\USERS\LININGY\DESKTOP\OPENFRAMEWORKS\OF_PRERELEASE_V0062_VS2010_FAT\LIBS\OPENFRAMEWORKSCOMPILED\PROJECT\VS2010\OBJ\DEBUG\OFARDUINO.OBJ
C:\USERS\LININGY\DESKTOP\OPENFRAMEWORKS\OF_PRERELEASE_V0062_VS2010_FAT\LIBS\OPENFRAMEWORKSCOMPILED\PROJECT\VS2010\OBJ\DEBUG\OFBITMAPFONT.OBJ
C:\USERS\LININGY\DESKTOP\OPENFRAMEWORKS\OF_PRERELEASE_V0062_VS2010_FAT\LIBS\OPENFRAMEWORKSCOMPILED\PROJECT\VS2010\OBJ\DEBUG\OFGRAPHICS.OBJ
C:\USERS\LININGY\DESKTOP\OPENFRAMEWORKS\OF_PRERELEASE_V0062_VS2010_FAT\LIBS\OPENFRAMEWORKSCOMPILED\PROJECT\VS2010\OBJ\DEBUG\OFIMAGE.OBJ
C:\USERS\LININGY\DESKTOP\OPENFRAMEWORKS\OF_PRERELEASE_V0062_VS2010_FAT\LIBS\OPENFRAMEWORKSCOMPILED\PROJECT\VS2010\OBJ\DEBUG\OFMATH.OBJ
C:\USERS\LININGY\DESKTOP\OPENFRAMEWORKS\OF_PRERELEASE_V0062_VS2010_FAT\LIBS\OPENFRAMEWORKSCOMPILED\PROJECT\VS2010\OBJ\DEBUG\OFQTUTILS.OBJ
C:\USERS\LININGY\DESKTOP\OPENFRAMEWORKS\OF_PRERELEASE_V0062_VS2010_FAT\LIBS\OPENFRAMEWORKSCOMPILED\PROJECT\VS2010\OBJ\DEBUG\OFSERIAL.OBJ
C:\USERS\LININGY\DESKTOP\OPENFRAMEWORKS\OF_PRERELEASE_V0062_VS2010_FAT\LIBS\OPENFRAMEWORKSCOMPILED\PROJECT\VS2010\OBJ\DEBUG\OFSOUNDPLAYER.OBJ
C:\USERS\LININGY\DESKTOP\OPENFRAMEWORKS\OF_PRERELEASE_V0062_VS2010_FAT\LIBS\OPENFRAMEWORKSCOMPILED\PROJECT\VS2010\OBJ\DEBUG\OFSOUNDSTREAM.OBJ
C:\USERS\LININGY\DESKTOP\OPENFRAMEWORKS\OF_PRERELEASE_V0062_VS2010_FAT\LIBS\OPENFRAMEWORKSCOMPILED\PROJECT\VS2010\OBJ\DEBUG\OFTEXTURE.OBJ
C:\USERS\LININGY\DESKTOP\OPENFRAMEWORKS\OF_PRERELEASE_V0062_VS2010_FAT\LIBS\OPENFRAMEWORKSCOMPILED\PROJECT\VS2010\OBJ\DEBUG\OFTRUETYPEFONT.OBJ
C:\USERS\LININGY\DESKTOP\OPENFRAMEWORKS\OF_PRERELEASE_V0062_VS2010_FAT\LIBS\OPENFRAMEWORKSCOMPILED\PROJECT\VS2010\OBJ\DEBUG\OFUTILS.OBJ
C:\USERS\LININGY\DESKTOP\OPENFRAMEWORKS\OF_PRERELEASE_V0062_VS2010_FAT\LIBS\OPENFRAMEWORKSCOMPILED\PROJECT\VS2010\OBJ\DEBUG\OFVIDEOGRABBER.OBJ
C:\USERS\LININGY\DESKTOP\OPENFRAMEWORKS\OF_PRERELEASE_V0062_VS2010_FAT\LIBS\OPENFRAMEWORKSCOMPILED\PROJECT\VS2010\OBJ\DEBUG\OFVIDEOPLAYER.OBJ
C:\Users\liningy\Desktop\openframeworks\of_preRelease_v0062_vs2010_FAT\libs\openFrameworksCompiled\project\vs2010\obj\Debug\vc100.idb
C:\USERS\LININGY\DESKTOP\OPENFRAMEWORKS\OF_PRERELEASE_V0062_VS2010_FAT\LIBS\OPENFRAMEWORKSCOMPILED\PROJECT\VS2010\OBJ\DEBUG\VC100.PDB
C:\USERS\LININGY\DOCUMENTS\KINECTED CONFERENCE PLUS\KINECTSDKANDOFBLUR\KINECTSDKANDOF\OPENFRAMEWORKS\OF_PRERELEASE_V0062_VS2010_FAT\LIBS\OPENFRAMEWORKSCOMPILED\LIB\VS2010\OPENFRAMEWORKSLIBDEBUG.LIB
C:\USERS\LININGY\DOCUMENTS\KINECTED CONFERENCE PLUS\KINECTSDKANDOFBLUR\KINECTSDKANDOF\OPENFRAMEWORKS\OF_PRERELEASE_V0062_VS2010_FAT\LIBS\OPENFRAMEWORKSCOMPILED\PROJECT\VS2010\OBJ\DEBUG\OFAPPGLUTWINDOW.OBJ
C:\USERS\LININGY\DOCUMENTS\KINECTED CONFERENCE PLUS\KINECTSDKANDOFBLUR\KINECTSDKANDOF\OPENFRAMEWORKS\OF_PRERELEASE_V0062_VS2010_FAT\LIBS\OPENFRAMEWORKSCOMPILED\PROJECT\VS2010\OBJ\DEBUG\OFAPPRUNNER.OBJ
C:\USERS\LININGY\DOCUMENTS\KINECTED CONFERENCE PLUS\KINECTSDKANDOFBLUR\KINECTSDKANDOF\OPENFRAMEWORKS\OF_PRERELEASE_V0062_VS2010_FAT\LIBS\OPENFRAMEWORKSCOMPILED\PROJECT\VS2010\OBJ\DEBUG\OFARDUINO.OBJ
C:\USERS\LININGY\DOCUMENTS\KINECTED CONFERENCE PLUS\KINECTSDKANDOFBLUR\KINECTSDKANDOF\OPENFRAMEWORKS\OF_PRERELEASE_V0062_VS2010_FAT\LIBS\OPENFRAMEWORKSCOMPILED\PROJECT\VS2010\OBJ\DEBUG\OFBITMAPFONT.OBJ
C:\USERS\LININGY\DOCUMENTS\KINECTED CONFERENCE PLUS\KINECTSDKANDOFBLUR\KINECTSDKANDOF\OPENFRAMEWORKS\OF_PRERELEASE_V0062_VS2010_FAT\LIBS\OPENFRAMEWORKSCOMPILED\PROJECT\VS2010\OBJ\DEBUG\OFGRAPHICS.OBJ
C:\USERS\LININGY\DOCUMENTS\KINECTED CONFERENCE PLUS\KINECTSDKANDOFBLUR\KINECTSDKANDOF\OPENFRAMEWORKS\OF_PRERELEASE_V0062_VS2010_FAT\LIBS\OPENFRAMEWORKSCOMPILED\PROJECT\VS2010\OBJ\DEBUG\OFIMAGE.OBJ
C:\USERS\LININGY\DOCUMENTS\KINECTED CONFERENCE PLUS\KINECTSDKANDOFBLUR\KINECTSDKANDOF\OPENFRAMEWORKS\OF_PRERELEASE_V0062_VS2010_FAT\LIBS\OPENFRAMEWORKSCOMPILED\PROJECT\VS2010\OBJ\DEBUG\OFMATH.OBJ
C:\USERS\LININGY\DOCUMENTS\KINECTED CONFERENCE PLUS\KINECTSDKANDOFBLUR\KINECTSDKANDOF\OPENFRAMEWORKS\OF_PRERELEASE_V0062_VS2010_FAT\LIBS\OPENFRAMEWORKSCOMPILED\PROJECT\VS2010\OBJ\DEBUG\OFQTUTILS.OBJ
C:\USERS\LININGY\DOCUMENTS\KINECTED CONFERENCE PLUS\KINECTSDKANDOFBLUR\KINECTSDKANDOF\OPENFRAMEWORKS\OF_PRERELEASE_V0062_VS2010_FAT\LIBS\OPENFRAMEWORKSCOMPILED\PROJECT\VS2010\OBJ\DEBUG\OFSERIAL.OBJ
C:\USERS\LININGY\DOCUMENTS\KINECTED CONFERENCE PLUS\KINECTSDKANDOFBLUR\KINECTSDKANDOF\OPENFRAMEWORKS\OF_PRERELEASE_V0062_VS2010_FAT\LIBS\OPENFRAMEWORKSCOMPILED\PROJECT\VS2010\OBJ\DEBUG\OFSOUNDPLAYER.OBJ
C:\USERS\LININGY\DOCUMENTS\KINECTED CONFERENCE PLUS\KINECTSDKANDOFBLUR\KINECTSDKANDOF\OPENFRAMEWORKS\OF_PRERELEASE_V0062_VS2010_FAT\LIBS\OPENFRAMEWORKSCOMPILED\PROJECT\VS2010\OBJ\DEBUG\OFSOUNDSTREAM.OBJ
C:\USERS\LININGY\DOCUMENTS\KINECTED CONFERENCE PLUS\KINECTSDKANDOFBLUR\KINECTSDKANDOF\OPENFRAMEWORKS\OF_PRERELEASE_V0062_VS2010_FAT\LIBS\OPENFRAMEWORKSCOMPILED\PROJECT\VS2010\OBJ\DEBUG\OFTEXTURE.OBJ
C:\USERS\LININGY\DOCUMENTS\KINECTED CONFERENCE PLUS\KINECTSDKANDOFBLUR\KINECTSDKANDOF\OPENFRAMEWORKS\OF_PRERELEASE_V0062_VS2010_FAT\LIBS\OPENFRAMEWORKSCOMPILED\PROJECT\VS2010\OBJ\DEBUG\OFTRUETYPEFONT.OBJ
C:\USERS\LININGY\DOCUMENTS\KINECTED CONFERENCE PLUS\KINECTSDKANDOFBLUR\KINECTSDKANDOF\OPENFRAMEWORKS\OF_PRERELEASE_V0062_VS2010_FAT\LIBS\OPENFRAMEWORKSCOMPILED\PROJECT\VS2010\OBJ\DEBUG\OFUTILS.OBJ
C:\USERS\LININGY\DOCUMENTS\KINECTED CONFERENCE PLUS\KINECTSDKANDOFBLUR\KINECTSDKANDOF\OPENFRAMEWORKS\OF_PRERELEASE_V0062_VS2010_FAT\LIBS\OPENFRAMEWORKSCOMPILED\PROJECT\VS2010\OBJ\DEBUG\OFVIDEOGRABBER.OBJ
C:\USERS\LININGY\DOCUMENTS\KINECTED CONFERENCE PLUS\KINECTSDKANDOFBLUR\KINECTSDKANDOF\OPENFRAMEWORKS\OF_PRERELEASE_V0062_VS2010_FAT\LIBS\OPENFRAMEWORKSCOMPILED\PROJECT\VS2010\OBJ\DEBUG\OFVIDEOPLAYER.OBJ
C:\USERS\LININGY\DOCUMENTS\KINECTED CONFERENCE PLUS\KINECTSDKANDOFBLUR\KINECTSDKANDOF\OPENFRAMEWORKS\OF_PRERELEASE_V0062_VS2010_FAT\LIBS\OPENFRAMEWORKSCOMPILED\PROJECT\VS2010\OBJ\DEBUG\VC100.PDB
