Build started 3/2/2012 11:44:29 PM.
     1>Project "C:\Users\liningy\of_preRelease_v0062_vs2010_FAT\apps\myProject\focalSpace_receiver\focalSpace.vcxproj" on node 3 (build target(s)).
     1>InitializeBuildStatus:
         Creating "obj\Debug\focalSpace.unsuccessfulbuild" because "AlwaysCreate" was specified.
       ClCompile:
         c:\Program Files\Microsoft Visual Studio 10.0\VC\bin\CL.exe /c /I..\..\..\libs\openFrameworks /I..\..\..\libs\openFrameworks\graphics /I..\..\..\libs\openFrameworks\app /I..\..\..\libs\openFrameworks\sound /I..\..\..\libs\openFrameworks\utils /I..\..\..\libs\openFrameworks\communication /I..\..\..\libs\openFrameworks\video /I..\..\..\libs\openFrameworks\events /I..\..\..\libs\glut\include /I..\..\..\libs\rtAudio\include /I..\..\..\libs\quicktime\include /I..\..\..\libs\freetype\include /I..\..\..\libs\freetype\include\freetype2 /I..\..\..\libs\freeImage\include /I..\..\..\libs\fmodex\include /I..\..\..\libs\videoInput\include /I..\..\..\libs\glee\include /I..\..\..\libs\glu\include /I..\..\..\libs\poco\include /I..\..\..\addons /I..\..\..\addons\ofxNetwork\src /I..\..\..\addons\ofxDirList\src /I..\..\..\addons\ofxObjLoader\src /I..\..\..\addons\ofxOpenCv\src /I..\..\..\addons\ofxOpenCv\libs\opencv\include /I..\..\..\addons\ofxOsc\src /I..\..\..\addons\ofxOsc\libs\oscpack\include\ip /I..\..\..\addons\ofxOsc\libs\oscpack\include\osc /I..\..\..\addons\ofxThread\src /I..\..\..\addons\ofxVectorGraphics\src /I..\..\..\addons\ofxVectorGraphics\libs /I..\..\..\addons\ofxVectorMath\src /I..\..\..\addons\ofxXMLSettings\libs /I..\..\..\addons\ofxXMLSettings\src /I..\..\..\addons\ofx3DModelLoader\src /Ibin /Isrc\addons\ofxShader\examples /Isrc\addons\ofxShader\addons /Isrc\addons\awesomium_v1.6.2_sdk_win\include /ZI /nologo /W3 /WX- /Od /Oy- /D WIN32 /D _DEBUG /D _CONSOLE /D POCO_STATIC /D _UNICODE /D UNICODE /Gm /EHsc /RTC1 /MDd /GS /fp:precise /Zc:wchar_t- /Zc:forScope /Fo"obj\Debug\\" /Fd"obj\Debug\vc100.pdb" /Gd /TP /analyze- /errorReport:prompt src\grabVideo.cpp
         grabVideo.cpp
     1>c:\users\liningy\of_prerelease_v0062_vs2010_fat\apps\myproject\focalspace_receiver\src\grabvideo.cpp(296): warning C4996: 'NuiImageBuffer': Use INuiFrameTexture instead of NuiImageBuffer
                 c:\program files\microsoft sdks\kinect\v1.0 beta2\inc\msr_nuiimagecamera.h(116) : see declaration of 'NuiImageBuffer'
     1>c:\users\liningy\of_prerelease_v0062_vs2010_fat\apps\myproject\focalspace_receiver\src\grabvideo.cpp(296): warning C4996: 'NuiImageBuffer': Use INuiFrameTexture instead of NuiImageBuffer
                 c:\program files\microsoft sdks\kinect\v1.0 beta2\inc\msr_nuiimagecamera.h(116) : see declaration of 'NuiImageBuffer'
     1>c:\users\liningy\of_prerelease_v0062_vs2010_fat\apps\myproject\focalspace_receiver\src\grabvideo.cpp(297): warning C4996: 'KINECT_LOCKED_RECT': Use NUI_LOCKED_RECT instead of KINECT_LOCKED_RECT
                 c:\program files\microsoft sdks\kinect\v1.0 beta2\inc\msr_nuiimagecamera.h(117) : see declaration of 'KINECT_LOCKED_RECT'
     1>c:\users\liningy\of_prerelease_v0062_vs2010_fat\apps\myproject\focalspace_receiver\src\grabvideo.cpp(310): warning C4996: 'KINECT_LOCKED_RECT': Use NUI_LOCKED_RECT instead of KINECT_LOCKED_RECT
                 c:\program files\microsoft sdks\kinect\v1.0 beta2\inc\msr_nuiimagecamera.h(117) : see declaration of 'KINECT_LOCKED_RECT'
     1>c:\users\liningy\of_prerelease_v0062_vs2010_fat\apps\myproject\focalspace_receiver\src\grabvideo.cpp(355): warning C4996: 'NuiImageBuffer': Use INuiFrameTexture instead of NuiImageBuffer
                 c:\program files\microsoft sdks\kinect\v1.0 beta2\inc\msr_nuiimagecamera.h(116) : see declaration of 'NuiImageBuffer'
     1>c:\users\liningy\of_prerelease_v0062_vs2010_fat\apps\myproject\focalspace_receiver\src\grabvideo.cpp(356): warning C4996: 'KINECT_LOCKED_RECT': Use NUI_LOCKED_RECT instead of KINECT_LOCKED_RECT
                 c:\program files\microsoft sdks\kinect\v1.0 beta2\inc\msr_nuiimagecamera.h(117) : see declaration of 'KINECT_LOCKED_RECT'
     1>c:\users\liningy\of_prerelease_v0062_vs2010_fat\apps\myproject\focalspace_receiver\src\grabvideo.cpp(400): warning C4996: 'KINECT_LOCKED_RECT': Use NUI_LOCKED_RECT instead of KINECT_LOCKED_RECT
                 c:\program files\microsoft sdks\kinect\v1.0 beta2\inc\msr_nuiimagecamera.h(117) : see declaration of 'KINECT_LOCKED_RECT'
     1>c:\users\liningy\of_prerelease_v0062_vs2010_fat\apps\myproject\focalspace_receiver\src\grabvideo.cpp(195): warning C4715: 'KinectGrabber::Kinect_Init' : not all control paths return a value
       ManifestResourceCompile:
         All outputs are up-to-date.
       Link:
         c:\Program Files\Microsoft Visual Studio 10.0\VC\bin\link.exe /ERRORREPORT:PROMPT /OUT:"bin\focalSpace_debug.exe" /INCREMENTAL /NOLOGO /LIBPATH:..\..\..\libs\glut\lib\vs2010 /LIBPATH:..\..\..\libs\rtAudio\lib\vs2010 /LIBPATH:..\..\..\libs\FreeImage\lib\vs2010 /LIBPATH:..\..\..\libs\freetype\lib\vs2010 /LIBPATH:..\..\..\libs\quicktime\lib\vs2010 /LIBPATH:..\..\..\libs\fmodex\lib\vs2010 /LIBPATH:..\..\..\libs\videoInput\lib\vs2010 /LIBPATH:..\..\..\libs\glee\lib\vs2010 /LIBPATH:..\..\..\libs\glu\lib\vs2010 /LIBPATH:..\..\..\libs\Poco\lib\vs2010 /LIBPATH:..\..\..\libs\openFrameworksCompiled\lib\vs2010 /LIBPATH:src\addons\awesomium_v1.6.2_sdk_win\build\lib\debug openframeworksLibDebug.lib OpenGL32.lib GLu32.lib kernel32.lib setupapi.lib glut32.lib rtAudioD.lib videoInput.lib libfreetype.lib FreeImage.lib qtmlClient.lib dsound.lib user32.lib gdi32.lib winspool.lib comdlg32.lib advapi32.lib shell32.lib ole32.lib oleaut32.lib uuid.lib GLee.lib fmodex_vc.lib glu32.lib PocoFoundationmtd.lib PocoNetmtd.lib PocoUtilmtd.lib PocoXMLmtd.lib Ws2_32.lib ..\..\..\addons\ofxOpenCv\libs\opencv\lib\vs2010\cv110d.lib ..\..\..\addons\ofxOpenCv\libs\opencv\lib\vs2010\cvaux110d.lib ..\..\..\addons\ofxOpenCv\libs\opencv\lib\vs2010\cxcore110d.lib ..\..\..\addons\ofxOsc\libs\oscpack\lib\vs2010\oscpackd.lib odbc32.lib odbccp32.lib amstrmid.lib avrt.lib dmoguids.lib Msdmo.lib MSRKinectNUI.lib Awesomium_d.lib kernel32.lib user32.lib gdi32.lib winspool.lib comdlg32.lib advapi32.lib shell32.lib ole32.lib oleaut32.lib uuid.lib odbc32.lib odbccp32.lib /NODEFAULTLIB:atlthunk.lib /NODEFAULTLIB:LIBC.lib /NODEFAULTLIB:LIBCMT /MANIFEST /ManifestFile:"obj\Debug\focalSpace_debug.exe.intermediate.manifest" /MANIFESTUAC:"level='asInvoker' uiAccess='false'" /DEBUG /PDB:"C:\Users\liningy\of_preRelease_v0062_vs2010_FAT\apps\myProject\focalSpace_receiver\bin\focalSpace_debug_debugInfo.pdb" /SUBSYSTEM:CONSOLE /TLBID:1 /DYNAMICBASE:NO /IMPLIB:"bin\focalSpace_debug.lib" /MACHINE:X86 obj\Debug\focalSpace_debug.exe.embed.manifest.res
         obj\Debug\ofxFBOTexture.obj
         obj\Debug\ofxShader.obj
         obj\Debug\shaderBlur.obj
         obj\Debug\button.obj
         obj\Debug\conference.obj
         obj\Debug\gesture.obj
         obj\Debug\grabVideo.obj
         obj\Debug\main.obj
         obj\Debug\SketchShareView.obj
         obj\Debug\slider.obj
         obj\Debug\stdafx.obj
         obj\Debug\talkBubble.obj
         obj\Debug\testApp.obj
         obj\Debug\ofxTCPClient.obj
         obj\Debug\ofxTCPManager.obj
         obj\Debug\ofxTCPServer.obj
         obj\Debug\ofxUDPManager.obj
         obj\Debug\ofxThread.obj
         obj\Debug\webRender.obj
         C:\Users\liningy\of_preRelease_v0062_vs2010_FAT\libs\openFrameworksCompiled\lib\vs2010\openframeworksLibDebug.lib
     1>ofxFBOTexture.obj : warning LNK4075: ignoring '/EDITANDCONTINUE' due to '/INCREMENTAL:NO' specification
     1>rtAudioD.lib(rtAudio.obj) : warning LNK4099: PDB 'vc100.pdb' was not found with 'rtAudioD.lib(rtAudio.obj)' or at 'C:\Users\liningy\of_preRelease_v0062_vs2010_FAT\apps\myProject\focalSpace_receiver\bin\vc100.pdb'; linking object as if no debug info
     1>videoInput.lib(videoInput.obj) : warning LNK4099: PDB 'vc90.pdb' was not found with 'videoInput.lib(videoInput.obj)' or at 'C:\Users\liningy\of_preRelease_v0062_vs2010_FAT\apps\myProject\focalSpace_receiver\bin\vc90.pdb'; linking object as if no debug info
     1>PocoFoundationmtd.lib(AtomicCounter.obj) : warning LNK4099: PDB 'vc100.pdb' was not found with 'PocoFoundationmtd.lib(AtomicCounter.obj)' or at 'C:\Users\liningy\of_preRelease_v0062_vs2010_FAT\apps\myProject\focalSpace_receiver\bin\vc100.pdb'; linking object as if no debug info
     1>PocoFoundationmtd.lib(Bugcheck.obj) : warning LNK4099: PDB 'vc100.pdb' was not found with 'PocoFoundationmtd.lib(Bugcheck.obj)' or at 'C:\Users\liningy\of_preRelease_v0062_vs2010_FAT\apps\myProject\focalSpace_receiver\bin\vc100.pdb'; linking object as if no debug info
     1>PocoFoundationmtd.lib(Debugger.obj) : warning LNK4099: PDB 'vc100.pdb' was not found with 'PocoFoundationmtd.lib(Debugger.obj)' or at 'C:\Users\liningy\of_preRelease_v0062_vs2010_FAT\apps\myProject\focalSpace_receiver\bin\vc100.pdb'; linking object as if no debug info
     1>PocoFoundationmtd.lib(Exception.obj) : warning LNK4099: PDB 'vc100.pdb' was not found with 'PocoFoundationmtd.lib(Exception.obj)' or at 'C:\Users\liningy\of_preRelease_v0062_vs2010_FAT\apps\myProject\focalSpace_receiver\bin\vc100.pdb'; linking object as if no debug info
     1>PocoFoundationmtd.lib(Mutex.obj) : warning LNK4099: PDB 'vc100.pdb' was not found with 'PocoFoundationmtd.lib(Mutex.obj)' or at 'C:\Users\liningy\of_preRelease_v0062_vs2010_FAT\apps\myProject\focalSpace_receiver\bin\vc100.pdb'; linking object as if no debug info
     1>PocoFoundationmtd.lib(RWLock.obj) : warning LNK4099: PDB 'vc100.pdb' was not found with 'PocoFoundationmtd.lib(RWLock.obj)' or at 'C:\Users\liningy\of_preRelease_v0062_vs2010_FAT\apps\myProject\focalSpace_receiver\bin\vc100.pdb'; linking object as if no debug info
     1>PocoFoundationmtd.lib(Timestamp.obj) : warning LNK4099: PDB 'vc100.pdb' was not found with 'PocoFoundationmtd.lib(Timestamp.obj)' or at 'C:\Users\liningy\of_preRelease_v0062_vs2010_FAT\apps\myProject\focalSpace_receiver\bin\vc100.pdb'; linking object as if no debug info
     1>PocoFoundationmtd.lib(ASCIIEncoding.obj) : warning LNK4099: PDB 'vc100.pdb' was not found with 'PocoFoundationmtd.lib(ASCIIEncoding.obj)' or at 'C:\Users\liningy\of_preRelease_v0062_vs2010_FAT\apps\myProject\focalSpace_receiver\bin\vc100.pdb'; linking object as if no debug info
     1>PocoFoundationmtd.lib(Latin1Encoding.obj) : warning LNK4099: PDB 'vc100.pdb' was not found with 'PocoFoundationmtd.lib(Latin1Encoding.obj)' or at 'C:\Users\liningy\of_preRelease_v0062_vs2010_FAT\apps\myProject\focalSpace_receiver\bin\vc100.pdb'; linking object as if no debug info
     1>PocoFoundationmtd.lib(Latin9Encoding.obj) : warning LNK4099: PDB 'vc100.pdb' was not found with 'PocoFoundationmtd.lib(Latin9Encoding.obj)' or at 'C:\Users\liningy\of_preRelease_v0062_vs2010_FAT\apps\myProject\focalSpace_receiver\bin\vc100.pdb'; linking object as if no debug info
     1>PocoFoundationmtd.lib(TextConverter.obj) : warning LNK4099: PDB 'vc100.pdb' was not found with 'PocoFoundationmtd.lib(TextConverter.obj)' or at 'C:\Users\liningy\of_preRelease_v0062_vs2010_FAT\apps\myProject\focalSpace_receiver\bin\vc100.pdb'; linking object as if no debug info
     1>PocoFoundationmtd.lib(TextEncoding.obj) : warning LNK4099: PDB 'vc100.pdb' was not found with 'PocoFoundationmtd.lib(TextEncoding.obj)' or at 'C:\Users\liningy\of_preRelease_v0062_vs2010_FAT\apps\myProject\focalSpace_receiver\bin\vc100.pdb'; linking object as if no debug info
     1>PocoFoundationmtd.lib(TextIterator.obj) : warning LNK4099: PDB 'vc100.pdb' was not found with 'PocoFoundationmtd.lib(TextIterator.obj)' or at 'C:\Users\liningy\of_preRelease_v0062_vs2010_FAT\apps\myProject\focalSpace_receiver\bin\vc100.pdb'; linking object as if no debug info
     1>PocoFoundationmtd.lib(UnicodeConverter.obj) : warning LNK4099: PDB 'vc100.pdb' was not found with 'PocoFoundationmtd.lib(UnicodeConverter.obj)' or at 'C:\Users\liningy\of_preRelease_v0062_vs2010_FAT\apps\myProject\focalSpace_receiver\bin\vc100.pdb'; linking object as if no debug info
     1>PocoFoundationmtd.lib(UTF16Encoding.obj) : warning LNK4099: PDB 'vc100.pdb' was not found with 'PocoFoundationmtd.lib(UTF16Encoding.obj)' or at 'C:\Users\liningy\of_preRelease_v0062_vs2010_FAT\apps\myProject\focalSpace_receiver\bin\vc100.pdb'; linking object as if no debug info
     1>PocoFoundationmtd.lib(UTF8Encoding.obj) : warning LNK4099: PDB 'vc100.pdb' was not found with 'PocoFoundationmtd.lib(UTF8Encoding.obj)' or at 'C:\Users\liningy\of_preRelease_v0062_vs2010_FAT\apps\myProject\focalSpace_receiver\bin\vc100.pdb'; linking object as if no debug info
     1>PocoFoundationmtd.lib(Windows1252Encoding.obj) : warning LNK4099: PDB 'vc100.pdb' was not found with 'PocoFoundationmtd.lib(Windows1252Encoding.obj)' or at 'C:\Users\liningy\of_preRelease_v0062_vs2010_FAT\apps\myProject\focalSpace_receiver\bin\vc100.pdb'; linking object as if no debug info
       Manifest:
         C:\Program Files\Microsoft SDKs\Windows\v7.0A\bin\mt.exe /nologo /verbose /out:"obj\Debug\focalSpace_debug.exe.embed.manifest" /manifest obj\Debug\focalSpace_debug.exe.intermediate.manifest
         All outputs are up-to-date.
       LinkEmbedManifest:
         All outputs are up-to-date.
         focalSpace.vcxproj -> C:\Users\liningy\of_preRelease_v0062_vs2010_FAT\apps\myProject\focalSpace_receiver\bin\focalSpace_debug.exe
       PostBuildEvent:
         Description: adding DLLs and creating data folder
         xcopy /e /i /y "C:\Users\liningy\of_preRelease_v0062_vs2010_FAT\apps\myProject\focalSpace_receiver\..\..\..\export\vs2010\*.dll" "C:\Users\liningy\of_preRelease_v0062_vs2010_FAT\apps\myProject\focalSpace_receiver\bin"
         if not exist "C:\Users\liningy\of_preRelease_v0062_vs2010_FAT\apps\myProject\focalSpace_receiver\bin\data" mkdir  "C:\Users\liningy\of_preRelease_v0062_vs2010_FAT\apps\myProject\focalSpace_receiver\bin\data"
         
         :VCEnd
         C:\Users\liningy\of_preRelease_v0062_vs2010_FAT\apps\myProject\focalSpace_receiver\..\..\..\export\vs2010\fmodex.dll
         C:\Users\liningy\of_preRelease_v0062_vs2010_FAT\apps\myProject\focalSpace_receiver\..\..\..\export\vs2010\fmodexL.dll
         C:\Users\liningy\of_preRelease_v0062_vs2010_FAT\apps\myProject\focalSpace_receiver\..\..\..\export\vs2010\FreeImage.dll
         C:\Users\liningy\of_preRelease_v0062_vs2010_FAT\apps\myProject\focalSpace_receiver\..\..\..\export\vs2010\FreeType-6.dll
         C:\Users\liningy\of_preRelease_v0062_vs2010_FAT\apps\myProject\focalSpace_receiver\..\..\..\export\vs2010\glut32.dll
         C:\Users\liningy\of_preRelease_v0062_vs2010_FAT\apps\myProject\focalSpace_receiver\..\..\..\export\vs2010\Zlib.dll
         6 File(s) copied
       FinalizeBuildStatus:
         Deleting file "obj\Debug\focalSpace.unsuccessfulbuild".
         Touching "obj\Debug\focalSpace.lastbuildstate".
     1>Done Building Project "C:\Users\liningy\of_preRelease_v0062_vs2010_FAT\apps\myProject\focalSpace_receiver\focalSpace.vcxproj" (build target(s)).

Build succeeded.

Time Elapsed 00:00:04.81
